[21:59:09] [ServerMain/INFO]: Building unoptimized datafixer
[21:59:11] [ServerMain/INFO]: Environment: authHost='https://authserver.mojang.com', accountsHost='https://api.mojang.com', sessionHost='https://sessionserver.mojang.com', servicesHost='https://api.minecraftservices.com', name='PROD'
[21:59:12] [ServerMain/INFO]: Found new data pack file/bukkit, loading it automatically
[21:59:15] [ServerMain/INFO]: Loaded 7 recipes
[21:59:17] [Server thread/INFO]: Starting minecraft server version 1.19
[21:59:17] [Server thread/INFO]: Loading properties
[21:59:17] [Server thread/INFO]: This server is running CraftBukkit version 3527-Spigot-56be6a8-8fda4b1 (MC: 1.19) (Implementing API version 1.19-R0.1-SNAPSHOT)
[21:59:17] [Server thread/INFO]: Debug logging is disabled
[21:59:17] [Server thread/INFO]: Server Ping Player Sample Count: 12
[21:59:17] [Server thread/INFO]: Using 4 threads for Netty based IO
[21:59:17] [Server thread/INFO]: Default game type: SURVIVAL
[21:59:17] [Server thread/INFO]: Generating keypair
[21:59:18] [Server thread/INFO]: Starting Minecraft server on *:25565
[21:59:18] [Server thread/INFO]: Using epoll channel type
[21:59:18] [Server thread/INFO]: Preparing level "world"
[21:59:18] [Server thread/WARN]: Failed to parse level-type default, defaulting to minecraft:normal
[21:59:18] [Server thread/INFO]: -------- World Settings For [world] --------
[21:59:18] [Server thread/INFO]: Item Merge Radius: 2.5
[21:59:18] [Server thread/INFO]: Item Despawn Rate: 6000
[21:59:18] [Server thread/INFO]: View Distance: 10
[21:59:18] [Server thread/INFO]: Simulation Distance: 10
[21:59:18] [Server thread/INFO]: Allow Zombie Pigmen to spawn from portal blocks: true
[21:59:18] [Server thread/INFO]: Arrow Despawn Rate: 1200 Trident Respawn Rate:1200
[21:59:18] [Server thread/INFO]: Zombie Aggressive Towards Villager: true
[21:59:18] [Server thread/INFO]: Nerfing mobs spawned from spawners: false
[21:59:18] [Server thread/INFO]: Entity Activation Range: An 32 / Mo 32 / Ra 48 / Mi 16 / Tiv true / Isa false
[21:59:18] [Server thread/INFO]: Entity Tracking Range: Pl 48 / An 48 / Mo 48 / Mi 32 / Other 64
[21:59:18] [Server thread/INFO]: Hopper Transfer: 8 Hopper Check: 1 Hopper Amount: 1 Hopper Can Load Chunks: false
[21:59:18] [Server thread/INFO]: Custom Map Seeds:  Village: 10387312 Desert: 14357617 Igloo: 14357618 Jungle: 14357619 Swamp: 14357620 Monument: 10387313 Ocean: 14357621 Shipwreck: 165745295 End City: 10387313 Slime: 987234911 Nether: 30084232 Mansion: 10387319 Fossil: 14357921 Portal: 34222645
[21:59:18] [Server thread/INFO]: Cactus Growth Modifier: 100%
[21:59:18] [Server thread/INFO]: Cane Growth Modifier: 100%
[21:59:18] [Server thread/INFO]: Melon Growth Modifier: 100%
[21:59:18] [Server thread/INFO]: Mushroom Growth Modifier: 100%
[21:59:18] [Server thread/INFO]: Pumpkin Growth Modifier: 100%
[21:59:18] [Server thread/INFO]: Sapling Growth Modifier: 100%
[21:59:18] [Server thread/INFO]: Beetroot Growth Modifier: 100%
[21:59:18] [Server thread/INFO]: Carrot Growth Modifier: 100%
[21:59:18] [Server thread/INFO]: Potato Growth Modifier: 100%
[21:59:18] [Server thread/INFO]: Wheat Growth Modifier: 100%
[21:59:18] [Server thread/INFO]: NetherWart Growth Modifier: 100%
[21:59:18] [Server thread/INFO]: Vine Growth Modifier: 100%
[21:59:18] [Server thread/INFO]: Cocoa Growth Modifier: 100%
[21:59:18] [Server thread/INFO]: Bamboo Growth Modifier: 100%
[21:59:18] [Server thread/INFO]: SweetBerry Growth Modifier: 100%
[21:59:18] [Server thread/INFO]: Kelp Growth Modifier: 100%
[21:59:18] [Server thread/INFO]: Experience Merge Radius: 3.0
[21:59:18] [Server thread/INFO]: Mob Spawn Range: 6
[21:59:18] [Server thread/INFO]: Max TNT Explosions: 100
[21:59:18] [Server thread/INFO]: Tile Max Tick Time: 50ms Entity max Tick Time: 50ms
[21:59:37] [Server thread/INFO]: -------- World Settings For [world_nether] --------
[21:59:37] [Server thread/INFO]: Item Merge Radius: 2.5
[21:59:37] [Server thread/INFO]: Item Despawn Rate: 6000
[21:59:37] [Server thread/INFO]: View Distance: 10
[21:59:37] [Server thread/INFO]: Simulation Distance: 10
[21:59:37] [Server thread/INFO]: Allow Zombie Pigmen to spawn from portal blocks: true
[21:59:37] [Server thread/INFO]: Arrow Despawn Rate: 1200 Trident Respawn Rate:1200
[21:59:37] [Server thread/INFO]: Zombie Aggressive Towards Villager: true
[21:59:37] [Server thread/INFO]: Nerfing mobs spawned from spawners: false
[21:59:37] [Server thread/INFO]: Entity Activation Range: An 32 / Mo 32 / Ra 48 / Mi 16 / Tiv true / Isa false
[21:59:37] [Server thread/INFO]: Entity Tracking Range: Pl 48 / An 48 / Mo 48 / Mi 32 / Other 64
[21:59:37] [Server thread/INFO]: Hopper Transfer: 8 Hopper Check: 1 Hopper Amount: 1 Hopper Can Load Chunks: false
[21:59:37] [Server thread/INFO]: Custom Map Seeds:  Village: 10387312 Desert: 14357617 Igloo: 14357618 Jungle: 14357619 Swamp: 14357620 Monument: 10387313 Ocean: 14357621 Shipwreck: 165745295 End City: 10387313 Slime: 987234911 Nether: 30084232 Mansion: 10387319 Fossil: 14357921 Portal: 34222645
[21:59:37] [Server thread/INFO]: Cactus Growth Modifier: 100%
[21:59:37] [Server thread/INFO]: Cane Growth Modifier: 100%
[21:59:37] [Server thread/INFO]: Melon Growth Modifier: 100%
[21:59:37] [Server thread/INFO]: Mushroom Growth Modifier: 100%
[21:59:37] [Server thread/INFO]: Pumpkin Growth Modifier: 100%
[21:59:37] [Server thread/INFO]: Sapling Growth Modifier: 100%
[21:59:37] [Server thread/INFO]: Beetroot Growth Modifier: 100%
[21:59:37] [Server thread/INFO]: Carrot Growth Modifier: 100%
[21:59:37] [Server thread/INFO]: Potato Growth Modifier: 100%
[21:59:37] [Server thread/INFO]: Wheat Growth Modifier: 100%
[21:59:37] [Server thread/INFO]: NetherWart Growth Modifier: 100%
[21:59:37] [Server thread/INFO]: Vine Growth Modifier: 100%
[21:59:37] [Server thread/INFO]: Cocoa Growth Modifier: 100%
[21:59:37] [Server thread/INFO]: Bamboo Growth Modifier: 100%
[21:59:37] [Server thread/INFO]: SweetBerry Growth Modifier: 100%
[21:59:37] [Server thread/INFO]: Kelp Growth Modifier: 100%
[21:59:37] [Server thread/INFO]: Experience Merge Radius: 3.0
[21:59:37] [Server thread/INFO]: Mob Spawn Range: 6
[21:59:37] [Server thread/INFO]: Max TNT Explosions: 100
[21:59:37] [Server thread/INFO]: Tile Max Tick Time: 50ms Entity max Tick Time: 50ms
[21:59:40] [Server thread/INFO]: -------- World Settings For [world_the_end] --------
[21:59:40] [Server thread/INFO]: Item Merge Radius: 2.5
[21:59:40] [Server thread/INFO]: Item Despawn Rate: 6000
[21:59:40] [Server thread/INFO]: View Distance: 10
[21:59:40] [Server thread/INFO]: Simulation Distance: 10
[21:59:40] [Server thread/INFO]: Allow Zombie Pigmen to spawn from portal blocks: true
[21:59:40] [Server thread/INFO]: Arrow Despawn Rate: 1200 Trident Respawn Rate:1200
[21:59:40] [Server thread/INFO]: Zombie Aggressive Towards Villager: true
[21:59:40] [Server thread/INFO]: Nerfing mobs spawned from spawners: false
[21:59:40] [Server thread/INFO]: Entity Activation Range: An 32 / Mo 32 / Ra 48 / Mi 16 / Tiv true / Isa false
[21:59:40] [Server thread/INFO]: Entity Tracking Range: Pl 48 / An 48 / Mo 48 / Mi 32 / Other 64
[21:59:40] [Server thread/INFO]: Hopper Transfer: 8 Hopper Check: 1 Hopper Amount: 1 Hopper Can Load Chunks: false
[21:59:40] [Server thread/INFO]: Custom Map Seeds:  Village: 10387312 Desert: 14357617 Igloo: 14357618 Jungle: 14357619 Swamp: 14357620 Monument: 10387313 Ocean: 14357621 Shipwreck: 165745295 End City: 10387313 Slime: 987234911 Nether: 30084232 Mansion: 10387319 Fossil: 14357921 Portal: 34222645
[21:59:40] [Server thread/INFO]: Cactus Growth Modifier: 100%
[21:59:40] [Server thread/INFO]: Cane Growth Modifier: 100%
[21:59:40] [Server thread/INFO]: Melon Growth Modifier: 100%
[21:59:40] [Server thread/INFO]: Mushroom Growth Modifier: 100%
[21:59:40] [Server thread/INFO]: Pumpkin Growth Modifier: 100%
[21:59:40] [Server thread/INFO]: Sapling Growth Modifier: 100%
[21:59:40] [Server thread/INFO]: Beetroot Growth Modifier: 100%
[21:59:40] [Server thread/INFO]: Carrot Growth Modifier: 100%
[21:59:40] [Server thread/INFO]: Potato Growth Modifier: 100%
[21:59:40] [Server thread/INFO]: Wheat Growth Modifier: 100%
[21:59:40] [Server thread/INFO]: NetherWart Growth Modifier: 100%
[21:59:40] [Server thread/INFO]: Vine Growth Modifier: 100%
[21:59:40] [Server thread/INFO]: Cocoa Growth Modifier: 100%
[21:59:40] [Server thread/INFO]: Bamboo Growth Modifier: 100%
[21:59:40] [Server thread/INFO]: SweetBerry Growth Modifier: 100%
[21:59:40] [Server thread/INFO]: Kelp Growth Modifier: 100%
[21:59:40] [Server thread/INFO]: Experience Merge Radius: 3.0
[21:59:40] [Server thread/INFO]: Mob Spawn Range: 6
[21:59:40] [Server thread/INFO]: Max TNT Explosions: 100
[21:59:40] [Server thread/INFO]: Tile Max Tick Time: 50ms Entity max Tick Time: 50ms
[21:59:41] [Server thread/INFO]: Preparing start region for dimension minecraft:overworld
[21:59:45] [Worker-Main-1/INFO]: Preparing spawn area: 0%
[21:59:45] [Worker-Main-6/INFO]: Preparing spawn area: 0%
[21:59:45] [Worker-Main-6/INFO]: Preparing spawn area: 0%
[21:59:45] [Worker-Main-6/INFO]: Preparing spawn area: 0%
[21:59:45] [Worker-Main-6/INFO]: Preparing spawn area: 0%
[21:59:45] [Worker-Main-1/INFO]: Preparing spawn area: 0%
[21:59:45] [Worker-Main-1/INFO]: Preparing spawn area: 0%
[21:59:45] [Worker-Main-1/INFO]: Preparing spawn area: 0%
[21:59:45] [Worker-Main-1/INFO]: Preparing spawn area: 0%
[21:59:46] [Worker-Main-6/INFO]: Preparing spawn area: 0%
[21:59:46] [Worker-Main-6/INFO]: Preparing spawn area: 0%
[21:59:47] [Worker-Main-1/INFO]: Preparing spawn area: 0%
[21:59:47] [Worker-Main-6/INFO]: Preparing spawn area: 1%
[21:59:48] [Worker-Main-1/INFO]: Preparing spawn area: 1%
[21:59:48] [Worker-Main-6/INFO]: Preparing spawn area: 2%
[21:59:49] [Worker-Main-1/INFO]: Preparing spawn area: 2%
[21:59:49] [Worker-Main-6/INFO]: Preparing spawn area: 3%
[21:59:50] [Worker-Main-6/INFO]: Preparing spawn area: 4%
[21:59:50] [Worker-Main-6/INFO]: Preparing spawn area: 4%
[21:59:51] [Worker-Main-1/INFO]: Preparing spawn area: 4%
[21:59:51] [Worker-Main-1/INFO]: Preparing spawn area: 5%
[21:59:52] [Worker-Main-6/INFO]: Preparing spawn area: 5%
[21:59:52] [Worker-Main-6/INFO]: Preparing spawn area: 6%
[21:59:53] [Worker-Main-1/INFO]: Preparing spawn area: 8%
[21:59:53] [Worker-Main-1/INFO]: Preparing spawn area: 9%
[21:59:54] [Worker-Main-1/INFO]: Preparing spawn area: 10%
[21:59:54] [Worker-Main-6/INFO]: Preparing spawn area: 11%
[21:59:55] [Worker-Main-1/INFO]: Preparing spawn area: 13%
[21:59:55] [Worker-Main-1/INFO]: Preparing spawn area: 14%
[21:59:56] [Worker-Main-6/INFO]: Preparing spawn area: 15%
[21:59:56] [Worker-Main-6/INFO]: Preparing spawn area: 15%
[21:59:57] [Worker-Main-6/INFO]: Preparing spawn area: 16%
[21:59:57] [Worker-Main-1/INFO]: Preparing spawn area: 17%
[21:59:58] [Worker-Main-1/INFO]: Preparing spawn area: 19%
[21:59:58] [Worker-Main-1/INFO]: Preparing spawn area: 20%
[21:59:59] [Worker-Main-6/INFO]: Preparing spawn area: 21%
[21:59:59] [Worker-Main-6/INFO]: Preparing spawn area: 22%
[22:00:00] [Worker-Main-1/INFO]: Preparing spawn area: 23%
[22:00:00] [Worker-Main-1/INFO]: Preparing spawn area: 24%
[22:00:01] [Worker-Main-1/INFO]: Preparing spawn area: 25%
[22:00:01] [Worker-Main-1/INFO]: Preparing spawn area: 27%
[22:00:02] [Worker-Main-1/INFO]: Preparing spawn area: 28%
[22:00:02] [Worker-Main-6/INFO]: Preparing spawn area: 29%
[22:00:03] [Worker-Main-6/INFO]: Preparing spawn area: 31%
[22:00:03] [Worker-Main-6/INFO]: Preparing spawn area: 32%
[22:00:04] [Worker-Main-1/INFO]: Preparing spawn area: 32%
[22:00:04] [Worker-Main-6/INFO]: Preparing spawn area: 34%
[22:00:05] [Worker-Main-1/INFO]: Preparing spawn area: 36%
[22:00:05] [Worker-Main-6/INFO]: Preparing spawn area: 38%
[22:00:06] [Worker-Main-1/INFO]: Preparing spawn area: 39%
[22:00:06] [Worker-Main-1/INFO]: Preparing spawn area: 39%
[22:00:07] [Worker-Main-1/INFO]: Preparing spawn area: 41%
[22:00:07] [Worker-Main-6/INFO]: Preparing spawn area: 42%
[22:00:08] [Worker-Main-1/INFO]: Preparing spawn area: 44%
[22:00:08] [Worker-Main-6/INFO]: Preparing spawn area: 45%
[22:00:09] [Worker-Main-6/INFO]: Preparing spawn area: 48%
[22:00:09] [Worker-Main-6/INFO]: Preparing spawn area: 50%
[22:00:10] [Worker-Main-6/INFO]: Preparing spawn area: 51%
[22:00:10] [Worker-Main-1/INFO]: Preparing spawn area: 52%
[22:00:11] [Worker-Main-1/INFO]: Preparing spawn area: 54%
[22:00:11] [Worker-Main-6/INFO]: Preparing spawn area: 55%
[22:00:12] [Worker-Main-6/INFO]: Preparing spawn area: 56%
[22:00:12] [Worker-Main-1/INFO]: Preparing spawn area: 58%
[22:00:13] [Worker-Main-6/INFO]: Preparing spawn area: 60%
[22:00:13] [Worker-Main-1/INFO]: Preparing spawn area: 61%
[22:00:14] [Worker-Main-6/INFO]: Preparing spawn area: 63%
[22:00:14] [Worker-Main-6/INFO]: Preparing spawn area: 63%
[22:00:15] [Worker-Main-1/INFO]: Preparing spawn area: 65%
[22:00:15] [Worker-Main-1/INFO]: Preparing spawn area: 66%
[22:00:16] [Worker-Main-1/INFO]: Preparing spawn area: 68%
[22:00:16] [Worker-Main-6/INFO]: Preparing spawn area: 69%
[22:00:17] [Worker-Main-6/INFO]: Preparing spawn area: 70%
[22:00:17] [Worker-Main-6/INFO]: Preparing spawn area: 72%
